<?xml version="1.0" encoding="UTF-8"?>
<testsuite xmlns:xsi="http://www.w3.org/2001/XMLSchema-instance" xsi:noNamespaceSchemaLocation="https://maven.apache.org/surefire/maven-surefire-plugin/xsd/surefire-test-report-3.0.xsd" version="3.0" name="Homepage" time="14.539" tests="2" errors="1" skipped="0" failures="1">
  <properties>
[...]
</properties>
  <testcase name="User checks the item of the home page" classname="Homepage" time="8.524">
    <failure message="expected:&lt;[https://mohammedzakaria2.github.io/contacts-list/apps/contacts]&gt; but was:&lt;[Fuse Angular - Material Design Admin Template]&gt;" type="org.junit.ComparisonFailure"><![CDATA[org.junit.ComparisonFailure: expected:<[https://mohammedzakaria2.github.io/contacts-list/apps/contacts]> but was:<[Fuse Angular - Material Design Admin Template]>
]]></failure>
    <system-out><![CDATA[Mar 08, 2022 2:59:55 PM io.cucumber.junit.Cucumber <init>
WARNING: By default Cucumber is running in --non-strict mode.
This default will change to --strict and --non-strict will be removed.
You can use --strict or @CucumberOptions(strict = true) to suppress this warning



&amp#27;[31mFailed scenarios:&amp#27;[0m

&amp#27;[31mfile:///C:/Users/Freedom/IdeaProjects/StudyCase_247Pro/src/test/resources/features/home.feature:32&amp#27;[0m
# User checks the item of the home page

&amp#27;[31mfile:///C:/Users/Freedom/IdeaProjects/StudyCase_247Pro/src/test/resources/features/home.feature:34&amp#27;[0m
# User checks language item works properly



2
 Scenarios (
&amp#27;[31m2 failed&amp#27;[0m
)

8
 Steps (
&amp#27;[31m2 failed&amp#27;[0m
, 
&amp#27;[36m1 skipped&amp#27;[0m
, 
&amp#27;[32m5 passed&amp#27;[0m
)

0m
14.544s





org.junit.ComparisonFailure: expected:<[https://mohammedzakaria2.github.io/contacts-list/apps/contacts]> but was:<[Fuse Angular - Material Design Admin Template]>

	at org.junit.Assert.assertEquals(Assert.java:117)

	at org.junit.Assert.assertEquals(Assert.java:146)

	at com.Pro247.stepDefinitions.HomeStepdefs.userShouldSeeIsAsExpected(HomeStepdefs.java:66)

	at ?.User should see "Contacts" "https://mohammedzakaria2.github.io/contacts-list/apps/contacts" "Fuse Angular - Material Design Admin Template" is as expected(file:///C:/Users/Freedom/IdeaProjects/StudyCase_247Pro/src/test/resources/features/home.feature:28)



io.cucumber.core.exception.CucumberException: Step [User should see following languages options] is defined with 0 parameters at 'com.Pro247.stepDefinitions.HomeStepdefs.userShouldSeeFollowingLanguagesOptions()'.
However, the gherkin step has 1 arguments:
 * Table:
      | English |
      | Turkish |

Step text: User should see following languages options

	at io.cucumber.core.runner.PickleStepDefinitionMatch.arityMismatch(PickleStepDefinitionMatch.java:134)

	at io.cucumber.core.runner.PickleStepDefinitionMatch.runStep(PickleStepDefinitionMatch.java:42)

	at io.cucumber.core.runner.TestStep.executeStep(TestStep.java:64)

	at io.cucumber.core.runner.TestStep.run(TestStep.java:49)

	at io.cucumber.core.runner.PickleStepTestStep.run(PickleStepTestStep.java:46)

	at io.cucumber.core.runner.TestCase.run(TestCase.java:51)

	at io.cucumber.core.runner.Runner.runPickle(Runner.java:67)

	at io.cucumber.junit.PickleRunners$NoStepDescriptions.run(PickleRunners.java:149)

	at io.cucumber.junit.FeatureRunner.runChild(FeatureRunner.java:83)

	at io.cucumber.junit.FeatureRunner.runChild(FeatureRunner.java:24)

	at org.junit.runners.ParentRunner$4.run(ParentRunner.java:331)

	at org.junit.runners.ParentRunner$1.schedule(ParentRunner.java:79)

	at org.junit.runners.ParentRunner.runChildren(ParentRunner.java:329)

	at org.junit.runners.ParentRunner.access$100(ParentRunner.java:66)

	at org.junit.runners.ParentRunner$2.evaluate(ParentRunner.java:293)

	at org.junit.runners.ParentRunner$3.evaluate(ParentRunner.java:306)

	at org.junit.runners.ParentRunner.run(ParentRunner.java:413)

	at io.cucumber.junit.Cucumber.runChild(Cucumber.java:185)

	at io.cucumber.junit.Cucumber.runChild(Cucumber.java:83)

	at org.junit.runners.ParentRunner$4.run(ParentRunner.java:331)

	at org.apache.maven.surefire.junitcore.pc.Scheduler$1.run(Scheduler.java:405)

	at org.apache.maven.surefire.junitcore.pc.InvokerStrategy.schedule(InvokerStrategy.java:54)

	at org.apache.maven.surefire.junitcore.pc.Scheduler.schedule(Scheduler.java:362)

	at org.junit.runners.ParentRunner.runChildren(ParentRunner.java:329)

	at org.junit.runners.ParentRunner.access$100(ParentRunner.java:66)

	at org.junit.runners.ParentRunner$2.evaluate(ParentRunner.java:293)

	at io.cucumber.junit.Cucumber$RunCucumber.evaluate(Cucumber.java:219)

	at org.junit.runners.ParentRunner$3.evaluate(ParentRunner.java:306)

	at org.junit.runners.ParentRunner.run(ParentRunner.java:413)

	at org.junit.runners.Suite.runChild(Suite.java:128)

	at org.junit.runners.Suite.runChild(Suite.java:27)

	at org.junit.runners.ParentRunner$4.run(ParentRunner.java:331)

	at org.apache.maven.surefire.junitcore.pc.Scheduler$1.run(Scheduler.java:405)

	at java.base/java.util.concurrent.Executors$RunnableAdapter.call(Executors.java:515)

	at java.base/java.util.concurrent.FutureTask.run(FutureTask.java:264)

	at java.base/java.util.concurrent.ThreadPoolExecutor.runWorker(ThreadPoolExecutor.java:1128)

	at java.base/java.util.concurrent.ThreadPoolExecutor$Worker.run(ThreadPoolExecutor.java:628)

	at java.base/java.lang.Thread.run(Thread.java:830)





title = Fuse Angular - Material Design Admin Template
expectedPageScripts = [FUSE, Charlie Adams, adams.charlie@mail.com, APPLICATIONS, Sample, Contacts, CUSTOM FUNCTION, Customize, Documentation, Changelog]
actualOptions = [FUSE, Charlie Adams, adams.charlie@mail.com, APPLICATIONS, Sample, Contacts, CUSTOM FUNCTION, Customize, Documentation, Changelog]
actualPageHeading = Contacts
actualPageUrl = Fuse Angular - Material Design Admin Template
actualPageTitle = https://mohammedzakaria2.github.io/contacts-list/apps/contacts
]]></system-out>
    <system-err><![CDATA[SLF4J: Failed to load class "org.slf4j.impl.StaticLoggerBinder".
SLF4J: Defaulting to no-operation (NOP) logger implementation
SLF4J: See http://www.slf4j.org/codes.html#StaticLoggerBinder for further details.
Starting ChromeDriver 99.0.4844.51 (d537ec02474b5afe23684e7963d538896c63ac77-refs/branch-heads/4844@{#875}) on port 33056
Only local connections are allowed.
Please see https://chromedriver.chromium.org/security-considerations for suggestions on keeping ChromeDriver safe.
ChromeDriver was started successfully.
Mar 08, 2022 2:59:57 PM org.openqa.selenium.remote.ProtocolHandshake createSession
INFO: Detected dialect: W3C
]]></system-err>
  </testcase>
  <testcase name="User checks language item works properly" classname="Homepage" time="6.014">
    <error message="Step [User should see following languages options] is defined with 0 parameters at &apos;com.Pro247.stepDefinitions.HomeStepdefs.userShouldSeeFollowingLanguagesOptions()&apos;.&#10;However, the gherkin step has 1 arguments:&#10; * Table:&#10;      | English |&#10;      | Turkish |&#10;&#10;Step text: User should see following languages options" type="io.cucumber.core.exception.CucumberException"><![CDATA[io.cucumber.core.exception.CucumberException: 
Step [User should see following languages options] is defined with 0 parameters at 'com.Pro247.stepDefinitions.HomeStepdefs.userShouldSeeFollowingLanguagesOptions()'.
However, the gherkin step has 1 arguments:
 * Table:
      | English |
      | Turkish |

Step text: User should see following languages options
]]></error>
    <system-err><![CDATA[Starting ChromeDriver 99.0.4844.51 (d537ec02474b5afe23684e7963d538896c63ac77-refs/branch-heads/4844@{#875}) on port 20587
Only local connections are allowed.
Please see https://chromedriver.chromium.org/security-considerations for suggestions on keeping ChromeDriver safe.
ChromeDriver was started successfully.
Mar 08, 2022 3:00:05 PM org.openqa.selenium.remote.ProtocolHandshake createSession
INFO: Detected dialect: W3C
]]></system-err>
  </testcase>
</testsuite>